#
# A fatal error has been detected by the Java Runtime Environment:
#
#  EXCEPTION_ACCESS_VIOLATION (0xc0000005) at pc=0x000000006ebea070, pid=7388, tid=0x0000000000001740
#
# JRE version: OpenJDK Runtime Environment (8.0_112-b06) (build 1.8.0_112-release-b06)
# Java VM: OpenJDK 64-Bit Server VM (25.112-b06 mixed mode windows-amd64 compressed oops)
# Problematic frame:
# V  [jvm.dll+0x8a070]
#
# Failed to write core dump. Minidumps are not enabled by default on client versions of Windows
#
# If you would like to submit a bug report, please visit:
#   http://bugreport.java.com/bugreport/crash.jsp
#

---------------  T H R E A D  ---------------

Current thread (0x0000000002906800):  GCTaskThread [stack: 0x0000000012bc0000,0x0000000012cc0000] [id=5952]

siginfo: ExceptionCode=0xc0000005, reading address 0x00000007d00843e0

Registers:
RAX=0x0000000000000001, RBX=0x00000007b0fd4cf8, RCX=0x00000007b0fd4cf8, RDX=0x00000007d00843d8
RSP=0x0000000012cbf8d8, RBP=0x0000000011e7bf81, RSI=0x000000001c5a3140, RDI=0x00000006c57e6600
R8 =0x000000001c5a3140, R9 =0x0000000000000006, R10=0x0000000000000008, R11=0x00000007a0c71f78
R12=0x0000000011e7bf2e, R13=0x0000000000000011, R14=0x0000000000000000, R15=0x0000000002900af0
RIP=0x000000006ebea070, EFLAGS=0x0000000000010206

Top of Stack: (sp=0x0000000012cbf8d8)
0x0000000012cbf8d8:   000000006ef2ac22 00000007b0fd4ce0
0x0000000012cbf8e8:   0000000000000003 000000001c5a3140
0x0000000012cbf8f8:   00000007b8f94e9d 00000007a0c69f88
0x0000000012cbf908:   000000006ef2b36b 000000001c5a3140
0x0000000012cbf918:   000000006ec4cf83 0000000000000000
0x0000000012cbf928:   000000001c5a3100 0000000011e7bf2e
0x0000000012cbf938:   000000006ef2af90 00000007a0c7044c
0x0000000012cbf948:   0000000011e7bf81 000000001c5a3140
0x0000000012cbf958:   00000006c57e6600 00000007a0c7044c
0x0000000012cbf968:   000000006ef2bb35 00000007b07d19e0
0x0000000012cbf978:   0000000011e7bf81 000000001c5a3140
0x0000000012cbf988:   0000000000000003 000000001c5a3140
0x0000000012cbf998:   0000000002903200 0000000700000000
0x0000000012cbf9a8:   000000006ec4ed77 00000006c03e336c
0x0000000012cbf9b8:   000000006ec4cf83 00000006c03e3365
0x0000000012cbf9c8:   00000006c03e3365 00000006c57e6568 

Instructions: (pc=0x000000006ebea070)
0x000000006ebea050:   1c 42 1d 00 48 8b 9c 24 c0 00 00 00 48 81 c4 b0
0x000000006ebea060:   00 00 00 5d c3 cc cc cc cc cc cc cc cc cc cc cc
0x000000006ebea070:   44 8b 42 08 4c 8b ca 45 85 c0 7e 0e 41 f6 c0 01
0x000000006ebea080:   75 57 41 c1 f8 03 41 8b c0 c3 79 4d 80 3d de d7 


Register to memory mapping:

RAX=0x0000000000000001 is an unknown value
RBX=0x00000007b0fd4cf8 is an oop

[error occurred during error reporting (printing register info), id 0xc0000005]

Stack: [0x0000000012bc0000,0x0000000012cc0000],  sp=0x0000000012cbf8d8,  free space=1022k
Native frames: (J=compiled Java code, j=interpreted, Vv=VM code, C=native code)
V  [jvm.dll+0x8a070]


---------------  P R O C E S S  ---------------

Java Threads: ( => current thread )
  0x000000002215f800 JavaThread "pool-1-thread-1" [_thread_blocked, id=11640, stack(0x0000000021f50000,0x0000000022050000)]
  0x000000001f378000 JavaThread "pool-2-thread-4" [_thread_blocked, id=13140, stack(0x0000000020e80000,0x0000000020f80000)]
  0x000000001f861000 JavaThread "pool-2-thread-3" [_thread_blocked, id=13284, stack(0x0000000020d80000,0x0000000020e80000)]
  0x000000001f860800 JavaThread "pool-2-thread-2" [_thread_blocked, id=13816, stack(0x0000000020c80000,0x0000000020d80000)]
  0x000000001f72c000 JavaThread "pool-3-thread-1" [_thread_blocked, id=11792, stack(0x0000000020b80000,0x0000000020c80000)]
  0x000000001f3de800 JavaThread "pool-2-thread-1" [_thread_blocked, id=7948, stack(0x0000000020a80000,0x0000000020b80000)]
  0x000000001e57a800 JavaThread "Service Thread" daemon [_thread_blocked, id=2496, stack(0x000000001f0b0000,0x000000001f1b0000)]
  0x000000001e4f2800 JavaThread "C1 CompilerThread3" daemon [_thread_blocked, id=8888, stack(0x000000001efb0000,0x000000001f0b0000)]
  0x000000001e4ec000 JavaThread "C2 CompilerThread2" daemon [_thread_blocked, id=11864, stack(0x000000001eeb0000,0x000000001efb0000)]
  0x000000001e4e9800 JavaThread "C2 CompilerThread1" daemon [_thread_blocked, id=9796, stack(0x000000001edb0000,0x000000001eeb0000)]
  0x000000001e4e6800 JavaThread "C2 CompilerThread0" daemon [_thread_blocked, id=8876, stack(0x000000001ecb0000,0x000000001edb0000)]
  0x000000001e4e3800 JavaThread "Attach Listener" daemon [_thread_blocked, id=11860, stack(0x000000001ebb0000,0x000000001ecb0000)]
  0x000000001c5be800 JavaThread "Signal Dispatcher" daemon [_thread_blocked, id=13488, stack(0x000000001eab0000,0x000000001ebb0000)]
  0x00000000029ed800 JavaThread "Finalizer" daemon [_thread_blocked, id=1572, stack(0x000000001e8c0000,0x000000001e9c0000)]
  0x00000000029e4000 JavaThread "Reference Handler" daemon [_thread_blocked, id=3572, stack(0x000000001e3c0000,0x000000001e4c0000)]
  0x00000000028f0800 JavaThread "main" [_thread_blocked, id=5280, stack(0x00000000027d0000,0x00000000028d0000)]

Other Threads:
  0x000000001c5a5800 VMThread [stack: 0x000000001e2c0000,0x000000001e3c0000] [id=2352]
  0x000000001e57b000 WatcherThread [stack: 0x000000001f1b0000,0x000000001f2b0000] [id=12524]

=>0x0000000002906800 (exited) GCTaskThread [stack: 0x0000000012bc0000,0x0000000012cc0000] [id=5952]

VM state:at safepoint (normal execution)

VM Mutex/Monitor currently owned by a thread:  ([mutex/lock_event])
[0x0000000002a8bd90] Threads_lock - owner thread: 0x000000001c5a5800
[0x0000000002a8c690] Heap_lock - owner thread: 0x000000001f860800

Heap:
 PSYoungGen      total 961024K, used 946949K [0x000000076ab00000, 0x00000007c0000000, 0x00000007c0000000)
  eden space 626688K, 100% used [0x000000076ab00000,0x0000000790f00000,0x0000000790f00000)
  from space 334336K, 95% used [0x00000007ab980000,0x00000007bf241598,0x00000007c0000000)
  to   space 385536K, 99% used [0x0000000790f00000,0x00000007a85f08e0,0x00000007a8780000)
 ParOldGen       total 872448K, used 678555K [0x00000006c0000000, 0x00000006f5400000, 0x000000076ab00000)
  object space 872448K, 77% used [0x00000006c0000000,0x00000006e96a6e38,0x00000006f5400000)
 Metaspace       used 6715K, capacity 7536K, committed 7808K, reserved 1056768K
  class space    used 605K, capacity 616K, committed 640K, reserved 1048576K

Card table byte_map: [0x0000000011e50000,0x0000000012660000] byte_map_base: 0x000000000e850000

Marking Bits: (ParMarkBitMap*) 0x000000006f3218f0
 Begin Bits: [0x00000000133c0000, 0x00000000173c0000)
 End Bits:   [0x00000000173c0000, 0x000000001b3c0000)

Polling page: 0x0000000000fc0000

CodeCache: size=245760Kb used=13239Kb max_used=14727Kb free=232520Kb
 bounds [0x0000000002a90000, 0x0000000003920000, 0x0000000011a90000]
 total_blobs=2944 nmethods=2681 adapters=176
 compilation: enabled

Compilation events (10 events):
Event: 18.504 Thread 0x000000001e4f2800 nmethod 3664 0x0000000002c0dbd0 code [0x0000000002c0de00, 0x0000000002c0eaa8]
Event: 18.504 Thread 0x000000001e4f2800 3667       3       com.android.dx.dex.code.DalvInsn::getMinimumRegisterRequirement (101 bytes)
Event: 18.505 Thread 0x000000001e4f2800 nmethod 3667 0x000000000327bc10 code [0x000000000327be60, 0x000000000327cf58]
Event: 18.505 Thread 0x000000001e4f2800 3665       3       com.android.dx.dex.code.form.Form22t::isCompatible (72 bytes)
Event: 18.506 Thread 0x000000001e4f2800 nmethod 3665 0x0000000002e90390 code [0x0000000002e90600, 0x0000000002e91e98]
Event: 18.506 Thread 0x000000001e4f2800 3668       3       com.android.dx.dex.code.LocalStart::<init> (25 bytes)
Event: 18.506 Thread 0x000000001e4f2800 nmethod 3668 0x0000000002f9dc90 code [0x0000000002f9de20, 0x0000000002f9e158]
Event: 18.506 Thread 0x000000001e4f2800 3670       3       com.android.dx.dex.code.form.Form35c::wordCount (74 bytes)
Event: 18.507 Thread 0x000000001e4f2800 nmethod 3670 0x00000000038aa350 code [0x00000000038aa540, 0x00000000038ab1c8]
Event: 18.507 Thread 0x000000001e4f2800 3669       3       com.android.dx.dex.code.form.Form11x::isCompatible (40 bytes)

GC Heap History (10 events):
Event: 10.820 GC heap after
Heap after GC invocations=18 (full 3):
 PSYoungGen      total 890368K, used 211449K [0x000000076ab00000, 0x00000007bfc00000, 0x00000007c0000000)
  eden space 678912K, 0% used [0x000000076ab00000,0x000000076ab00000,0x0000000794200000)
  from space 211456K, 99% used [0x0000000794200000,0x00000007a107e7a0,0x00000007a1080000)
  to   space 305664K, 0% used [0x00000007ad180000,0x00000007ad180000,0x00000007bfc00000)
 ParOldGen       total 546816K, used 546430K [0x00000006c0000000, 0x00000006e1600000, 0x000000076ab00000)
  object space 546816K, 99% used [0x00000006c0000000,0x00000006e159f870,0x00000006e1600000)
 Metaspace       used 6432K, capacity 7280K, committed 7552K, reserved 1056768K
  class space    used 587K, capacity 616K, committed 640K, reserved 1048576K
}
Event: 10.820 GC heap before
{Heap before GC invocations=19 (full 4):
 PSYoungGen      total 890368K, used 211449K [0x000000076ab00000, 0x00000007bfc00000, 0x00000007c0000000)
  eden space 678912K, 0% used [0x000000076ab00000,0x000000076ab00000,0x0000000794200000)
  from space 211456K, 99% used [0x0000000794200000,0x00000007a107e7a0,0x00000007a1080000)
  to   space 305664K, 0% used [0x00000007ad180000,0x00000007ad180000,0x00000007bfc00000)
 ParOldGen       total 546816K, used 546430K [0x00000006c0000000, 0x00000006e1600000, 0x000000076ab00000)
  object space 546816K, 99% used [0x00000006c0000000,0x00000006e159f870,0x00000006e1600000)
 Metaspace       used 6432K, capacity 7280K, committed 7552K, reserved 1056768K
  class space    used 587K, capacity 616K, committed 640K, reserved 1048576K
Event: 13.094 GC heap after
Heap after GC invocations=19 (full 4):
 PSYoungGen      total 890368K, used 197053K [0x000000076ab00000, 0x00000007bfc00000, 0x00000007c0000000)
  eden space 678912K, 0% used [0x000000076ab00000,0x000000076ab00000,0x0000000794200000)
  from space 211456K, 93% used [0x0000000794200000,0x00000007a026f500,0x00000007a1080000)
  to   space 305664K, 0% used [0x00000007ad180000,0x00000007ad180000,0x00000007bfc00000)
 ParOldGen       total 872448K, used 546756K [0x00000006c0000000, 0x00000006f5400000, 0x000000076ab00000)
  object space 872448K, 62% used [0x00000006c0000000,0x00000006e15f1040,0x00000006f5400000)
 Metaspace       used 6432K, capacity 7280K, committed 7552K, reserved 1056768K
  class space    used 587K, capacity 616K, committed 640K, reserved 1048576K
}
Event: 14.271 GC heap before
{Heap before GC invocations=20 (full 4):
 PSYoungGen      total 890368K, used 875965K [0x000000076ab00000, 0x00000007bfc00000, 0x00000007c0000000)
  eden space 678912K, 100% used [0x000000076ab00000,0x0000000794200000,0x0000000794200000)
  from space 211456K, 93% used [0x0000000794200000,0x00000007a026f500,0x00000007a1080000)
  to   space 305664K, 0% used [0x00000007ad180000,0x00000007ad180000,0x00000007bfc00000)
 ParOldGen       total 872448K, used 546756K [0x00000006c0000000, 0x00000006f5400000, 0x000000076ab00000)
  object space 872448K, 62% used [0x00000006c0000000,0x00000006e15f1040,0x00000006f5400000)
 Metaspace       used 6435K, capacity 7280K, committed 7552K, reserved 1056768K
  class space    used 587K, capacity 616K, committed 640K, reserved 1048576K
Event: 14.511 GC heap after
Heap after GC invocations=20 (full 4):
 PSYoungGen      total 1056256K, used 208613K [0x000000076ab00000, 0x00000007c0000000, 0x00000007c0000000)
  eden space 750592K, 0% used [0x000000076ab00000,0x000000076ab00000,0x0000000798800000)
  from space 305664K, 68% used [0x00000007ad180000,0x00000007b9d39420,0x00000007bfc00000)
  to   space 323584K, 0% used [0x0000000798800000,0x0000000798800000,0x00000007ac400000)
 ParOldGen       total 872448K, used 678555K [0x00000006c0000000, 0x00000006f5400000, 0x000000076ab00000)
  object space 872448K, 77% used [0x00000006c0000000,0x00000006e96a6e38,0x00000006f5400000)
 Metaspace       used 6435K, capacity 7280K, committed 7552K, reserved 1056768K
  class space    used 587K, capacity 616K, committed 640K, reserved 1048576K
}
Event: 15.968 GC heap before
{Heap before GC invocations=21 (full 4):
 PSYoungGen      total 1056256K, used 959205K [0x000000076ab00000, 0x00000007c0000000, 0x00000007c0000000)
  eden space 750592K, 100% used [0x000000076ab00000,0x0000000798800000,0x0000000798800000)
  from space 305664K, 68% used [0x00000007ad180000,0x00000007b9d39420,0x00000007bfc00000)
  to   space 323584K, 0% used [0x0000000798800000,0x0000000798800000,0x00000007ac400000)
 ParOldGen       total 872448K, used 678555K [0x00000006c0000000, 0x00000006f5400000, 0x000000076ab00000)
  object space 872448K, 77% used [0x00000006c0000000,0x00000006e96a6e38,0x00000006f5400000)
 Metaspace       used 6437K, capacity 7280K, committed 7552K, reserved 1056768K
  class space    used 587K, capacity 616K, committed 640K, reserved 1048576K
Event: 16.087 GC heap after
Heap after GC invocations=21 (full 4):
 PSYoungGen      total 951808K, used 200960K [0x000000076ab00000, 0x00000007c0000000, 0x00000007c0000000)
  eden space 750592K, 0% used [0x000000076ab00000,0x000000076ab00000,0x0000000798800000)
  from space 201216K, 99% used [0x0000000798800000,0x00000007a4c40308,0x00000007a4c80000)
  to   space 334336K, 0% used [0x00000007ab980000,0x00000007ab980000,0x00000007c0000000)
 ParOldGen       total 872448K, used 678555K [0x00000006c0000000, 0x00000006f5400000, 0x000000076ab00000)
  object space 872448K, 77% used [0x00000006c0000000,0x00000006e96a6e38,0x00000006f5400000)
 Metaspace       used 6437K, capacity 7280K, committed 7552K, reserved 1056768K
  class space    used 587K, capacity 616K, committed 640K, reserved 1048576K
}
Event: 16.912 GC heap before
{Heap before GC invocations=22 (full 4):
 PSYoungGen      total 951808K, used 951552K [0x000000076ab00000, 0x00000007c0000000, 0x00000007c0000000)
  eden space 750592K, 100% used [0x000000076ab00000,0x0000000798800000,0x0000000798800000)
  from space 201216K, 99% used [0x0000000798800000,0x00000007a4c40308,0x00000007a4c80000)
  to   space 334336K, 0% used [0x00000007ab980000,0x00000007ab980000,0x00000007c0000000)
 ParOldGen       total 872448K, used 678555K [0x00000006c0000000, 0x00000006f5400000, 0x000000076ab00000)
  object space 872448K, 77% used [0x00000006c0000000,0x00000006e96a6e38,0x00000006f5400000)
 Metaspace       used 6544K, capacity 7344K, committed 7552K, reserved 1056768K
  class space    used 593K, capacity 616K, committed 640K, reserved 1048576K
Event: 17.131 GC heap after
Heap after GC invocations=22 (full 4):
 PSYoungGen      total 961024K, used 320261K [0x000000076ab00000, 0x00000007c0000000, 0x00000007c0000000)
  eden space 626688K, 0% used [0x000000076ab00000,0x000000076ab00000,0x0000000790f00000)
  from space 334336K, 95% used [0x00000007ab980000,0x00000007bf241598,0x00000007c0000000)
  to   space 385536K, 0% used [0x0000000790f00000,0x0000000790f00000,0x00000007a8780000)
 ParOldGen       total 872448K, used 678555K [0x00000006c0000000, 0x00000006f5400000, 0x000000076ab00000)
  object space 872448K, 77% used [0x00000006c0000000,0x00000006e96a6e38,0x00000006f5400000)
 Metaspace       used 6544K, capacity 7344K, committed 7552K, reserved 1056768K
  class space    used 593K, capacity 616K, committed 640K, reserved 1048576K
}
Event: 18.507 GC heap before
{Heap before GC invocations=23 (full 4):
 PSYoungGen      total 961024K, used 946949K [0x000000076ab00000, 0x00000007c0000000, 0x00000007c0000000)
  eden space 626688K, 100% used [0x000000076ab00000,0x0000000790f00000,0x0000000790f00000)
  from space 334336K, 95% used [0x00000007ab980000,0x00000007bf241598,0x00000007c0000000)
  to   space 385536K, 0% used [0x0000000790f00000,0x0000000790f00000,0x00000007a8780000)
 ParOldGen       total 872448K, used 678555K [0x00000006c0000000, 0x00000006f5400000, 0x000000076ab00000)
  object space 872448K, 77% used [0x00000006c0000000,0x00000006e96a6e38,0x00000006f5400000)
 Metaspace       used 6715K, capacity 7536K, committed 7808K, reserved 1056768K
  class space    used 605K, capacity 616K, committed 640K, reserved 1048576K

Deoptimization events (10 events):
Event: 18.465 Thread 0x000000002215f800 Uncommon trap: reason=bimorphic action=maybe_recompile pc=0x000000000352098c method=java.util.TimSort.binarySort([Ljava/lang/Object;IIILjava/util/Comparator;)V @ 93
Event: 18.493 Thread 0x000000002215f800 Uncommon trap: reason=speculate_class_check action=maybe_recompile pc=0x0000000002ba06a8 method=com.android.dx.util.FixedSizeList.equals(Ljava/lang/Object;)Z @ 25
Event: 18.493 Thread 0x000000002215f800 Uncommon trap: reason=class_check action=maybe_recompile pc=0x0000000002e529e4 method=java.util.Arrays.equals([Ljava/lang/Object;[Ljava/lang/Object;)Z @ 62
Event: 18.493 Thread 0x000000002215f800 Uncommon trap: reason=speculate_class_check action=maybe_recompile pc=0x0000000002ba06a8 method=com.android.dx.util.FixedSizeList.equals(Ljava/lang/Object;)Z @ 25
Event: 18.493 Thread 0x000000002215f800 Uncommon trap: reason=class_check action=maybe_recompile pc=0x0000000002e529e4 method=java.util.Arrays.equals([Ljava/lang/Object;[Ljava/lang/Object;)Z @ 62
Event: 18.493 Thread 0x000000002215f800 Uncommon trap: reason=speculate_class_check action=maybe_recompile pc=0x0000000002ba06a8 method=com.android.dx.util.FixedSizeList.equals(Ljava/lang/Object;)Z @ 25
Event: 18.494 Thread 0x000000002215f800 Uncommon trap: reason=class_check action=maybe_recompile pc=0x0000000002e529e4 method=java.util.Arrays.equals([Ljava/lang/Object;[Ljava/lang/Object;)Z @ 62
Event: 18.494 Thread 0x000000002215f800 Uncommon trap: reason=speculate_class_check action=maybe_recompile pc=0x0000000002ba06a8 method=com.android.dx.util.FixedSizeList.equals(Ljava/lang/Object;)Z @ 25
Event: 18.494 Thread 0x000000002215f800 Uncommon trap: reason=class_check action=maybe_recompile pc=0x0000000002e529e4 method=java.util.Arrays.equals([Ljava/lang/Object;[Ljava/lang/Object;)Z @ 62
Event: 18.494 Thread 0x000000002215f800 Uncommon trap: reason=unstable_if action=reinterpret pc=0x0000000002d4c734 method=java.util.TreeMap.put(Ljava/lang/Object;Ljava/lang/Object;)Ljava/lang/Object; @ 163

Internal exceptions (10 events):
Event: 3.546 Thread 0x00000000028f0800 Implicit null exception at 0x0000000002c0d710 to 0x0000000002c0e09d
Event: 4.920 Thread 0x000000001f378000 Implicit null exception at 0x0000000003136827 to 0x00000000031378c1
Event: 17.387 Thread 0x000000001f861000 Implicit null exception at 0x00000000037cd6ae to 0x00000000037cdb25
Event: 17.388 Thread 0x000000001f861000 Implicit null exception at 0x0000000002bf0772 to 0x0000000002bf0bc1
Event: 17.432 Thread 0x000000001f3de800 Implicit null exception at 0x0000000002f3094c to 0x0000000002f33ffd
Event: 17.432 Thread 0x000000001f3de800 Implicit null exception at 0x0000000002f6f2fc to 0x0000000002f717f1
Event: 17.641 Thread 0x000000001f861000 Implicit null exception at 0x0000000003767982 to 0x00000000037687f5
Event: 17.641 Thread 0x000000001f861000 Implicit null exception at 0x000000000383cf3d to 0x000000000383dc31
Event: 17.641 Thread 0x000000001f861000 Implicit null exception at 0x0000000002c9ca2b to 0x0000000002c9ca40
Event: 17.641 Thread 0x000000001f861000 Implicit null exception at 0x0000000002c1a033 to 0x0000000002c1a04c

Events (10 events):
Event: 18.494 Thread 0x000000002215f800 DEOPT PACKING pc=0x0000000002e529e4 sp=0x000000002204ea40
Event: 18.494 Thread 0x000000002215f800 DEOPT UNPACKING pc=0x0000000002ad556a sp=0x000000002204e9e0 mode 2
Event: 18.494 loading class com/android/dx/dex/code/CatchTable$Entry
Event: 18.494 loading class com/android/dx/dex/code/CatchTable$Entry done
Event: 18.494 Thread 0x000000002215f800 Uncommon trap: trap_request=0xffffff65 fr.pc=0x0000000002d4c734
Event: 18.494 Thread 0x000000002215f800 DEOPT PACKING pc=0x0000000002d4c734 sp=0x000000002204ecc0
Event: 18.494 Thread 0x000000002215f800 DEOPT UNPACKING pc=0x0000000002ad556a sp=0x000000002204ec70 mode 2
Event: 18.494 loading class com/android/dx/util/ByteArrayAnnotatedOutput
Event: 18.494 loading class com/android/dx/util/ByteArrayAnnotatedOutput done
Event: 18.507 Executing VM operation: ParallelGCFailedAllocation


Dynamic libraries:
0x00007ff60c8b0000 - 0x00007ff60c8e1000 	C:\Program Files\Android\Android Studio\jre\bin\java.exe
0x00007ff8cf300000 - 0x00007ff8cf4db000 	C:\WINDOWS\SYSTEM32\ntdll.dll
0x00007ff8cedb0000 - 0x00007ff8cee5e000 	C:\WINDOWS\System32\KERNEL32.DLL
0x00007ff8cc050000 - 0x00007ff8cc299000 	C:\WINDOWS\System32\KERNELBASE.dll
0x00007ff8cd0d0000 - 0x00007ff8cd171000 	C:\WINDOWS\System32\ADVAPI32.dll
0x00007ff8ccb50000 - 0x00007ff8ccbed000 	C:\WINDOWS\System32\msvcrt.dll
0x00007ff8cd070000 - 0x00007ff8cd0c9000 	C:\WINDOWS\System32\sechost.dll
0x00007ff8ccdd0000 - 0x00007ff8ccef5000 	C:\WINDOWS\System32\RPCRT4.dll
0x00007ff8cc860000 - 0x00007ff8cc9aa000 	C:\WINDOWS\System32\USER32.dll
0x00007ff8cb820000 - 0x00007ff8cb83e000 	C:\WINDOWS\System32\win32u.dll
0x00007ff8cd180000 - 0x00007ff8cd1a7000 	C:\WINDOWS\System32\GDI32.dll
0x00007ff8cc2a0000 - 0x00007ff8cc428000 	C:\WINDOWS\System32\gdi32full.dll
0x00007ff8cbfb0000 - 0x00007ff8cc04a000 	C:\WINDOWS\System32\msvcp_win.dll
0x00007ff8cc430000 - 0x00007ff8cc526000 	C:\WINDOWS\System32\ucrtbase.dll
0x00007ff8be200000 - 0x00007ff8be467000 	C:\WINDOWS\WinSxS\amd64_microsoft.windows.common-controls_6595b64144ccf1df_6.0.15063.483_none_26002d27e7c744a2\COMCTL32.dll
0x00007ff8cd1b0000 - 0x00007ff8cd4a9000 	C:\WINDOWS\System32\combase.dll
0x00007ff8cbf40000 - 0x00007ff8cbfaa000 	C:\WINDOWS\System32\bcryptPrimitives.dll
0x00007ff8cea90000 - 0x00007ff8ceabd000 	C:\WINDOWS\System32\IMM32.DLL
0x000000006ea80000 - 0x000000006eb52000 	C:\Program Files\Android\Android Studio\jre\jre\bin\msvcr100.dll
0x000000006eb60000 - 0x000000006f39c000 	C:\Program Files\Android\Android Studio\jre\jre\bin\server\jvm.dll
0x00007ff8ceda0000 - 0x00007ff8ceda8000 	C:\WINDOWS\System32\PSAPI.DLL
0x00007ff8c8b70000 - 0x00007ff8c8b79000 	C:\WINDOWS\SYSTEM32\WSOCK32.dll
0x00007ff8c79f0000 - 0x00007ff8c7a13000 	C:\WINDOWS\SYSTEM32\WINMM.dll
0x00007ff8c4e70000 - 0x00007ff8c4e7a000 	C:\WINDOWS\SYSTEM32\VERSION.dll
0x00007ff8ced20000 - 0x00007ff8ced8c000 	C:\WINDOWS\System32\WS2_32.dll
0x00007ff8c79c0000 - 0x00007ff8c79eb000 	C:\WINDOWS\SYSTEM32\winmmbase.dll
0x00007ff8cc530000 - 0x00007ff8cc579000 	C:\WINDOWS\System32\cfgmgr32.dll
0x00007ff8c6940000 - 0x00007ff8c694f000 	C:\Program Files\Android\Android Studio\jre\jre\bin\verify.dll
0x00007ff8bd000000 - 0x00007ff8bd029000 	C:\Program Files\Android\Android Studio\jre\jre\bin\java.dll
0x00007ff8c64c0000 - 0x00007ff8c64d6000 	C:\Program Files\Android\Android Studio\jre\jre\bin\zip.dll
0x00007ff8cd530000 - 0x00007ff8ce967000 	C:\WINDOWS\System32\SHELL32.dll
0x00007ff8cec70000 - 0x00007ff8ced1a000 	C:\WINDOWS\System32\shcore.dll
0x00007ff8cb840000 - 0x00007ff8cbf33000 	C:\WINDOWS\System32\windows.storage.dll
0x00007ff8cf2a0000 - 0x00007ff8cf2f1000 	C:\WINDOWS\System32\shlwapi.dll
0x00007ff8cb7e0000 - 0x00007ff8cb7f1000 	C:\WINDOWS\System32\kernel.appcore.dll
0x00007ff8cb770000 - 0x00007ff8cb7bc000 	C:\WINDOWS\System32\powrprof.dll
0x00007ff8cb7c0000 - 0x00007ff8cb7d5000 	C:\WINDOWS\System32\profapi.dll
0x00007ff8c8960000 - 0x00007ff8c8b09000 	C:\WINDOWS\SYSTEM32\dbghelp.dll

VM Arguments:
jvm_args: -Djava.awt.headless=true -Xmx4g -Dfile.encoding=windows-1252 -Duser.country=US -Duser.language=en -Duser.variant 
java_command: com.android.dx.command.Main --dex --num-threads=4 --multi-dex --main-dex-list E:\Android\GMS_New\app\build\intermediates\multi-dex\debug\maindexlist.txt --output E:\Android\GMS_New\app\build\intermediates\transforms\dex\debug\folders\1000\1f\main E:\Android\GMS_New\app\build\intermediates\transforms\jarMerging\debug\jars\1\1f\combined.jar
java_class_path (initial): C:\Users\ADI\AppData\Local\Android\sdk\build-tools\25.0.3\lib\dx.jar
Launcher Type: SUN_STANDARD

Environment Variables:
PATH=C:\ProgramData\Oracle\Java\javapath;C:\Windows\system32;C:\Windows;C:\Windows\System32\Wbem;C:\Windows\System32\WindowsPowerShell\v1.0\;C:\Program Files (x86)\Brackets\command;C:\WINDOWS\system32;C:\WINDOWS;C:\WINDOWS\System32\Wbem;C:\WINDOWS\System32\WindowsPowerShell\v1.0\;C:\Program Files\Git\cmd;C:\Program Files (x86)\GtkSharp\2.12\bin;C:\Program Files (x86)\NVIDIA Corporation\PhysX\Common;C:\Users\ADI\AppData\Local\Microsoft\WindowsApps;
USERNAME=ADI
OS=Windows_NT
PROCESSOR_IDENTIFIER=Intel64 Family 6 Model 94 Stepping 3, GenuineIntel



---------------  S Y S T E M  ---------------

OS: Windows 10.0 , 64 bit Build 15063 (10.0.15063.296)

CPU:total 8 (4 cores per cpu, 2 threads per core) family 6 model 94 stepping 3, cmov, cx8, fxsr, mmx, sse, sse2, sse3, ssse3, sse4.1, sse4.2, popcnt, avx, avx2, aes, clmul, erms, rtm, 3dnowpref, lzcnt, ht, tsc, tscinvbit, bmi1, bmi2, adx

Memory: 4k page, physical 8278792k(1141888k free), swap 25056008k(16618888k free)

vm_info: OpenJDK 64-Bit Server VM (25.112-b06) for windows-amd64 JRE (1.8.0_112-release-b06), built on Dec  8 2016 00:54:26 by "builder" with MS VC++ 10.0 (VS2010)

time: Sat Sep 09 23:29:10 2017
elapsed time: 21 seconds (0d 0h 0m 21s)

